<?xml version="1.0" encoding="UTF-8"?>
<robot generator="Robot 4.1.3 (Python 3.10.2 on darwin)" generated="20220209 09:00:29.701" rpa="false" schemaversion="2">
<suite id="s1" name="Oranage Hrm Suite" source="/Users/balaji/Documents/Company/LT4/robot_project/selenium_suite/oranage_hrm_suite.robot">
<test id="s1-t1" name="TC1 Valid Login">
<kw name="Open Browser" library="SeleniumLibrary">
<arg>url=https://opensource-demo.orangehrmlive.com/</arg>
<arg>browser=chrome</arg>
<arg>executable_path=${EXECDIR}/drivers/chromedriver</arg>
<doc>Opens a new browser instance to the optional ``url``.</doc>
<msg timestamp="20220209 09:00:29.960" level="INFO">Opening browser 'chrome' to base url 'https://opensource-demo.orangehrmlive.com/'.</msg>
<status status="PASS" starttime="20220209 09:00:29.959" endtime="20220209 09:00:35.644"/>
</kw>
<kw name="Input Text" library="SeleniumLibrary">
<arg>id=txtUsername</arg>
<arg>Admin</arg>
<doc>Types the given ``text`` into the text field identified by ``locator``.</doc>
<msg timestamp="20220209 09:00:35.647" level="INFO">Typing text 'Admin' into text field 'id=txtUsername'.</msg>
<status status="PASS" starttime="20220209 09:00:35.645" endtime="20220209 09:00:35.809"/>
</kw>
<kw name="Input Password" library="SeleniumLibrary">
<arg>id=txtPassword</arg>
<arg>admin123</arg>
<doc>Types the given password into the text field identified by ``locator``.</doc>
<msg timestamp="20220209 09:00:35.810" level="INFO">Typing password into text field 'id=txtPassword'.</msg>
<msg timestamp="20220209 09:00:35.851" level="INFO">Temporally setting log level to: NONE</msg>
<msg timestamp="20220209 09:00:35.891" level="INFO">Log level changed from NONE to INFO.</msg>
<status status="PASS" starttime="20220209 09:00:35.809" endtime="20220209 09:00:35.891"/>
</kw>
<kw name="Click Element" library="SeleniumLibrary">
<arg>name=Submit</arg>
<doc>Click the element identified by ``locator``.</doc>
<msg timestamp="20220209 09:00:35.892" level="INFO">Clicking element 'name=Submit'.</msg>
<status status="PASS" starttime="20220209 09:00:35.891" endtime="20220209 09:00:37.529"/>
</kw>
<kw name="Get Location" library="SeleniumLibrary">
<var>${url}</var>
<doc>Returns the current browser window URL.</doc>
<msg timestamp="20220209 09:00:37.535" level="INFO">${url} = https://opensource-demo.orangehrmlive.com/index.php/auth/validateCredentials</msg>
<status status="PASS" starttime="20220209 09:00:37.529" endtime="20220209 09:00:37.535"/>
</kw>
<kw name="Log To Console" library="BuiltIn">
<arg>${url}</arg>
<doc>Logs the given message to the console.</doc>
<status status="PASS" starttime="20220209 09:00:37.535" endtime="20220209 09:00:37.535"/>
</kw>
<kw name="Click Element" library="SeleniumLibrary">
<arg>id=welcome</arg>
<doc>Click the element identified by ``locator``.</doc>
<msg timestamp="20220209 09:00:37.536" level="INFO">Clicking element 'id=welcome'.</msg>
<msg timestamp="20220209 09:00:37.823" level="INFO" html="true">&lt;/td&gt;&lt;/tr&gt;&lt;tr&gt;&lt;td colspan="3"&gt;&lt;a href="selenium-screenshot-2.png"&gt;&lt;img src="selenium-screenshot-2.png" width="800px"&gt;&lt;/a&gt;</msg>
<msg timestamp="20220209 09:00:37.830" level="FAIL">Element with locator 'id=welcome' not found.</msg>
<status status="FAIL" starttime="20220209 09:00:37.536" endtime="20220209 09:00:37.830"/>
</kw>
<kw name="Sleep" library="BuiltIn">
<arg>5s</arg>
<doc>Pauses the test executed for the given time.</doc>
<status status="NOT RUN" starttime="20220209 09:00:37.830" endtime="20220209 09:00:37.831"/>
</kw>
<kw name="Click Element" library="SeleniumLibrary">
<arg>link=Logout</arg>
<doc>Click the element identified by ``locator``.</doc>
<status status="NOT RUN" starttime="20220209 09:00:37.831" endtime="20220209 09:00:37.831"/>
</kw>
<kw name="Close Browser" library="SeleniumLibrary">
<doc>Closes the current browser.</doc>
<status status="NOT RUN" starttime="20220209 09:00:37.831" endtime="20220209 09:00:37.831"/>
</kw>
<status status="FAIL" starttime="20220209 09:00:29.959" endtime="20220209 09:00:37.831">Element with locator 'id=welcome' not found.</status>
</test>
<test id="s1-t2" name="TC2 Add Emergency Contact">
<kw name="Open Browser" library="SeleniumLibrary">
<arg>url=https://opensource-demo.orangehrmlive.com/</arg>
<arg>browser=chrome</arg>
<arg>executable_path=${EXECDIR}/drivers/chromedriver</arg>
<doc>Opens a new browser instance to the optional ``url``.</doc>
<msg timestamp="20220209 09:00:37.833" level="INFO">Opening browser 'chrome' to base url 'https://opensource-demo.orangehrmlive.com/'.</msg>
<status status="PASS" starttime="20220209 09:00:37.832" endtime="20220209 09:00:43.664"/>
</kw>
<kw name="Input Text" library="SeleniumLibrary">
<arg>id=txtUsername</arg>
<arg>Admin</arg>
<doc>Types the given ``text`` into the text field identified by ``locator``.</doc>
<msg timestamp="20220209 09:00:43.666" level="INFO">Typing text 'Admin' into text field 'id=txtUsername'.</msg>
<status status="PASS" starttime="20220209 09:00:43.665" endtime="20220209 09:00:43.807"/>
</kw>
<kw name="Input Password" library="SeleniumLibrary">
<arg>id=txtPassword</arg>
<arg>admin123</arg>
<doc>Types the given password into the text field identified by ``locator``.</doc>
<msg timestamp="20220209 09:00:43.807" level="INFO">Typing password into text field 'id=txtPassword'.</msg>
<msg timestamp="20220209 09:00:43.844" level="INFO">Temporally setting log level to: NONE</msg>
<msg timestamp="20220209 09:00:43.881" level="INFO">Log level changed from NONE to INFO.</msg>
<status status="PASS" starttime="20220209 09:00:43.807" endtime="20220209 09:00:43.881"/>
</kw>
<kw name="Click Element" library="SeleniumLibrary">
<arg>name=Submit</arg>
<doc>Click the element identified by ``locator``.</doc>
<msg timestamp="20220209 09:00:43.882" level="INFO">Clicking element 'name=Submit'.</msg>
<status status="PASS" starttime="20220209 09:00:43.882" endtime="20220209 09:00:45.317"/>
</kw>
<status status="PASS" starttime="20220209 09:00:37.832" endtime="20220209 09:00:45.318"/>
</test>
<status status="FAIL" starttime="20220209 09:00:29.702" endtime="20220209 09:00:45.320"/>
</suite>
<statistics>
<total>
<stat pass="1" fail="1" skip="0">All Tests</stat>
</total>
<tag>
</tag>
<suite>
<stat pass="1" fail="1" skip="0" id="s1" name="Oranage Hrm Suite">Oranage Hrm Suite</stat>
</suite>
</statistics>
<errors>
</errors>
</robot>
